-------------------------------------------------------------------------------
Test set: com.ayo.tests.BookingPriceTest
-------------------------------------------------------------------------------
Tests run: 1, Failures: 1, Errors: 0, Skipped: 0, Time elapsed: 0.020 s <<< FAILURE! -- in com.ayo.tests.BookingPriceTest
com.ayo.tests.BookingPriceTest.verifyBookingPriceMatchesSchedulePrice -- Time elapsed: 0.011 s <<< FAILURE!
org.opentest4j.AssertionFailedError: Booking price does not match schedule price. ==> expected: <1000000> but was: <1200000>
	at org.junit.jupiter.api.AssertionFailureBuilder.build(AssertionFailureBuilder.java:151)
	at org.junit.jupiter.api.AssertionFailureBuilder.buildAndThrow(AssertionFailureBuilder.java:132)
	at org.junit.jupiter.api.AssertEquals.failNotEqual(AssertEquals.java:197)
	at org.junit.jupiter.api.AssertEquals.assertEquals(AssertEquals.java:150)
	at org.junit.jupiter.api.Assertions.assertEquals(Assertions.java:563)
	at com.ayo.tests.BookingPriceTest.verifyBookingPriceMatchesSchedulePrice(BookingPriceTest.java:24)
	at java.base/java.lang.reflect.Method.invoke(Method.java:568)
	at java.base/java.util.ArrayList.forEach(ArrayList.java:1511)
	at java.base/java.util.ArrayList.forEach(ArrayList.java:1511)

